2025-11-18 16:40:34,983 - INFO - 已加载 6 个团队映射
2025-11-18 16:40:34,983 - INFO - 开始检查当天的新文件...
2025-11-18 16:40:34,983 - INFO - 没有找到当天的新文件
2025-11-18 16:41:03,644 - INFO - 已加载 6 个团队映射
2025-11-18 16:41:03,646 - INFO - 开始检查当天的新文件...
2025-11-18 16:41:03,647 - INFO - 没有找到当天的新文件
2025-11-18 16:41:22,772 - INFO - 已加载 6 个团队映射
2025-11-18 16:41:22,772 - INFO - 开始检查当天的新文件...
2025-11-18 16:41:22,773 - INFO - 没有找到当天的新文件
2025-11-18 16:42:03,874 - INFO - 已加载 6 个团队映射
2025-11-18 16:42:03,874 - INFO - 开始检查当天的新文件...
2025-11-18 16:42:03,875 - INFO - 没有找到当天的新文件
2025-11-18 16:42:49,982 - INFO - 已加载 6 个团队映射
2025-11-18 16:42:49,982 - INFO - 开始检查当天的新文件...
2025-11-18 16:42:49,983 - INFO - 没有找到当天的新文件
2025-11-18 16:43:42,060 - INFO - 已加载 6 个团队映射
2025-11-18 16:43:42,060 - INFO - 开始检查当天的新文件...
2025-11-18 16:43:42,060 - INFO - 找到 1 个当天的新文件: ['test_20251118.zip']
2025-11-18 16:43:42,060 - INFO - 正在处理文件: test_20251118.zip
2025-11-18 16:43:42,060 - ERROR - 处理文件 test_20251118.zip 时出错: File is not a zip file
2025-11-18 16:44:52,965 - INFO - 已加载 6 个团队映射
2025-11-18 16:44:52,965 - INFO - 开始检查当天的新文件...
2025-11-18 16:44:52,965 - INFO - 没有找到当天的新文件
2025-11-18 16:45:05,590 - INFO - 已加载 6 个团队映射
2025-11-18 16:45:05,590 - INFO - 开始检查当天的新文件...
2025-11-18 16:45:05,591 - INFO - 没有找到当天的新文件
2025-11-18 16:45:49,133 - INFO - 已加载 6 个团队映射
2025-11-18 16:45:49,133 - INFO - 开始检查当天的新文件...
2025-11-18 16:45:49,133 - INFO - 找到 1 个当天的新文件: ['操作日志查询_KF77100064_20251118155531338.zip']
2025-11-18 16:45:49,134 - INFO - 正在处理文件: 操作日志查询_KF77100064_20251118155531338.zip
2025-11-18 16:45:49,135 - ERROR - 处理文件 操作日志查询_KF77100064_20251118155531338.zip 时出错: open() requires mode "r" or "w"
2025-11-18 16:47:03,687 - INFO - 已加载 6 个团队映射
2025-11-18 16:47:03,687 - INFO - 开始检查当天的新文件...
2025-11-18 16:47:03,687 - INFO - 找到 1 个当天的新文件: ['操作日志查询_KF77100064_20251118155531338.zip']
2025-11-18 16:47:03,687 - INFO - 正在处理文件: 操作日志查询_KF77100064_20251118155531338.zip
2025-11-18 16:47:03,687 - ERROR - 处理文件 操作日志查询_KF77100064_20251118155531338.zip 时出错: open() requires mode "r" or "w"
2025-11-18 16:48:19,061 - INFO - 已加载 6 个团队映射
2025-11-18 16:48:19,061 - INFO - 开始检查当天的新文件...
2025-11-18 16:48:19,061 - INFO - 找到 1 个当天的新文件: ['操作日志查询_KF77100064_20251118155531338.zip']
2025-11-18 16:48:19,062 - INFO - 正在处理文件: 操作日志查询_KF77100064_20251118155531338.zip
2025-11-18 16:48:19,062 - ERROR - 处理文件 操作日志查询_KF77100064_20251118155531338.zip 时出错: open() requires mode "r" or "w"
2025-11-18 16:51:29,092 - INFO - 已加载 6 个团队映射
2025-11-18 16:51:29,092 - INFO - 开始检查当天的新文件...
2025-11-18 16:51:29,092 - INFO - 找到 1 个当天的新文件: ['操作日志查询_KF77100064_20251118165004553.zip']
2025-11-18 16:51:29,092 - INFO - 正在处理文件: 操作日志查询_KF77100064_20251118165004553.zip
2025-11-18 16:51:30,517 - INFO - 检测到编码: GB2312
2025-11-18 16:51:30,519 - INFO - 成功使用编码: gbk
2025-11-18 16:51:30,519 - INFO - CSV标题: ['服务名', '帐号', '姓名', '模块', '方法描述', '操作时间', '耗时', '请求url', '状态', '入参']
2025-11-18 16:52:43,712 - INFO - 已加载 6 个团队映射
2025-11-18 16:52:43,712 - INFO - 开始检查当天的新文件...
2025-11-18 16:52:43,712 - INFO - 找到 1 个当天的新文件: ['操作日志查询_KF77100064_20251118165004553.zip']
2025-11-18 16:52:43,713 - INFO - 正在处理文件: 操作日志查询_KF77100064_20251118165004553.zip
2025-11-18 16:52:45,106 - INFO - 检测到编码: GB2312
2025-11-18 16:52:45,107 - INFO - 成功使用编码: gbk
2025-11-18 16:52:45,108 - INFO - CSV标题: ['服务名', '帐号', '姓名', '模块', '方法描述', '操作时间', '耗时', '请求url', '状态', '入参']
2025-11-18 16:54:06,708 - INFO - 已加载 6 个团队映射
2025-11-18 16:54:06,708 - INFO - 开始检查当天的新文件...
2025-11-18 16:54:06,708 - INFO - 找到 1 个当天的新文件: ['操作日志查询_KF77100064_20251118165004553.zip']
2025-11-18 16:54:06,708 - INFO - 正在处理文件: 操作日志查询_KF77100064_20251118165004553.zip
2025-11-18 16:54:08,088 - INFO - 检测到编码: GB2312
2025-11-18 16:54:08,089 - INFO - 成功使用编码: gbk
2025-11-18 16:54:08,089 - INFO - CSV标题: ['服务名', '帐号', '姓名', '模块', '方法描述', '操作时间', '耗时', '请求url', '状态', '入参']
2025-11-18 16:55:07,554 - INFO - 已加载 6 个团队映射
2025-11-18 16:55:07,554 - INFO - 开始检查当天的新文件...
2025-11-18 16:55:07,554 - INFO - 找到 1 个当天的新文件: ['操作日志查询_KF77100064_20251118165004553.zip']
2025-11-18 16:55:07,554 - INFO - 正在处理文件: 操作日志查询_KF77100064_20251118165004553.zip
2025-11-18 16:55:09,143 - INFO - 检测到编码: GB2312
2025-11-18 16:55:09,144 - INFO - 成功使用编码: gbk
2025-11-18 16:55:09,144 - INFO - CSV标题: ['服务名', '帐号', '姓名', '模块', '方法描述', '操作时间', '耗时', '请求url', '状态', '入参']
2025-11-18 16:55:09,150 - INFO - 报表已保存到: file\report_20251118.txt
2025-11-18 16:55:09,582 - INFO - 报表发送成功
2025-11-18 16:55:09,582 - INFO - 文件 操作日志查询_KF77100064_20251118165004553.zip 处理完成并发送成功
2025-11-18 17:43:45,536 - INFO - 已加载 6 个团队映射
2025-11-18 17:43:45,536 - INFO - 开始检查当天的新文件...
2025-11-18 17:43:45,537 - INFO - 找到 1 个当天的新文件: ['操作日志查询_KF77100064_20251118170942955.zip']
2025-11-18 17:43:45,537 - INFO - 正在处理文件: 操作日志查询_KF77100064_20251118170942955.zip
2025-11-18 17:43:47,401 - INFO - 检测到编码: GB2312
2025-11-18 17:43:47,402 - INFO - 成功使用编码: gbk
2025-11-18 17:43:47,403 - INFO - CSV标题: ['服务名', '帐号', '姓名', '模块', '方法描述', '操作时间', '耗时', '请求url', '状态', '入参']
2025-11-18 17:43:47,410 - INFO - 报表已保存到: file\report_20251118.txt
2025-11-18 17:43:47,431 - ERROR - 发送报表时出错: HTTPSConnectionPool(host='qyapi.weixin.qq.com', port=443): Max retries exceeded with url: /cgi-bin/webhook/send?key=2645bd5f-4802-45dc-8fd7-c46f67d317a9 (Caused by ProxyError('Cannot connect to proxy.', OSError(0, 'Error')))
2025-11-18 17:43:47,432 - ERROR - 文件 操作日志查询_KF77100064_20251118170942955.zip 发送失败
2025-11-18 18:00:34,834 - INFO - 已加载 6 个团队映射
2025-11-18 18:00:34,834 - INFO - 开始检查当天的新文件...
2025-11-18 18:00:34,834 - INFO - 找到 1 个当天的新文件: ['操作日志查询_KF77100064_20251118170942955.zip']
2025-11-18 18:00:34,834 - INFO - 正在处理文件: 操作日志查询_KF77100064_20251118170942955.zip
2025-11-18 18:00:36,755 - INFO - 检测到编码: GB2312
2025-11-18 18:00:36,756 - INFO - 成功使用编码: gbk
2025-11-18 18:00:36,756 - INFO - CSV标题: ['服务名', '帐号', '姓名', '模块', '方法描述', '操作时间', '耗时', '请求url', '状态', '入参']
2025-11-18 18:00:36,763 - INFO - 报表已保存到: file\report_20251118.txt
2025-11-18 18:00:37,138 - INFO - 报表发送成功
2025-11-18 18:00:37,138 - INFO - 文件 操作日志查询_KF77100064_20251118170942955.zip 处理完成并发送成功
2025-11-19 12:40:12,204 - INFO - 已加载 6 个团队映射
2025-11-19 12:40:12,212 - INFO - 开始检查当天的新文件...
2025-11-19 12:40:12,213 - INFO - 没有找到当天的新文件
2025-11-19 12:41:05,576 - INFO - 已加载 6 个团队映射
2025-11-19 12:41:05,576 - INFO - 开始检查当天的新文件...
2025-11-19 12:41:05,576 - INFO - 没有找到当天的新文件
2025-11-19 12:42:06,532 - INFO - 已加载 6 个团队映射
2025-11-19 12:42:06,532 - INFO - 开始检查当天的新文件...
2025-11-19 12:42:06,533 - INFO - 没有找到当天的新文件
2025-11-19 12:42:41,880 - INFO - 已加载 6 个团队映射
2025-11-19 12:42:41,881 - INFO - 开始检查当天的新文件...
2025-11-19 12:42:41,881 - INFO - 没有找到当天的新文件
2025-11-19 12:43:58,390 - INFO - 已加载 6 个团队映射
2025-11-19 12:43:58,391 - INFO - 开始检查当天的新文件...
2025-11-19 12:43:58,391 - INFO - 没有找到当天的新文件
2025-11-19 12:44:17,515 - INFO - 已加载 6 个团队映射
2025-11-19 12:44:17,515 - INFO - 正在处理文件: 操作日志查询_KF77100064_20251118170942955.zip
2025-11-19 12:44:19,424 - INFO - 检测到编码: GB2312
2025-11-19 12:44:19,425 - INFO - 成功使用编码: gbk
2025-11-19 12:44:19,426 - INFO - CSV标题: ['服务名', '帐号', '姓名', '模块', '方法描述', '操作时间', '耗时', '请求url', '状态', '入参']
2025-11-19 12:44:19,433 - INFO - 文本报表已保存到: file\report_20251118.txt
2025-11-19 12:44:19,532 - INFO - 图片报表已保存到: file\report_20251118.png
2025-11-19 12:48:00,270 - INFO - 已加载 6 个团队映射
2025-11-19 12:48:00,270 - INFO - 开始检查当天的新文件...
2025-11-19 12:48:00,271 - INFO - 找到 1 个当天的新文件: ['操作日志查询_KF77100064_20251119124722089.zip']
2025-11-19 12:48:00,271 - INFO - 正在处理文件: 操作日志查询_KF77100064_20251119124722089.zip
2025-11-19 12:48:02,448 - INFO - 检测到编码: GB2312
2025-11-19 12:48:02,449 - INFO - 成功使用编码: gbk
2025-11-19 12:48:02,449 - INFO - CSV标题: ['服务名', '帐号', '姓名', '模块', '方法描述', '操作时间', '耗时', '请求url', '状态', '入参']
2025-11-19 12:48:02,458 - INFO - 文本报表已保存到: file\report_20251119.txt
2025-11-19 12:48:02,561 - INFO - 图片报表已保存到: file\report_20251119.png
2025-11-19 12:48:03,409 - ERROR - 图片发送失败: {'errcode': 40009, 'errmsg': 'invalid image size, hint: [1763527683598874185434529], from ip: 121.31.60.243, more info at https://open.work.weixin.qq.com/devtool/query?e=40009'}
2025-11-19 12:48:03,823 - INFO - 文本报表发送成功
2025-11-19 12:48:03,824 - INFO - 文件 操作日志查询_KF77100064_20251119124722089.zip 处理完成并发送成功
2025-11-19 12:52:58,935 - INFO - 已加载 6 个团队映射
2025-11-19 12:52:58,935 - INFO - 开始检查当天的新文件...
2025-11-19 12:52:58,935 - INFO - 找到 1 个当天的新文件: ['操作日志查询_KF77100064_20251119124722089.zip']
2025-11-19 12:52:58,935 - INFO - 正在处理文件: 操作日志查询_KF77100064_20251119124722089.zip
2025-11-19 12:53:01,267 - INFO - 检测到编码: GB2312
2025-11-19 12:53:01,269 - INFO - 成功使用编码: gbk
2025-11-19 12:53:01,269 - INFO - CSV标题: ['服务名', '帐号', '姓名', '模块', '方法描述', '操作时间', '耗时', '请求url', '状态', '入参']
2025-11-19 12:53:01,278 - INFO - 文本报表已保存到: file\report_20251119.txt
2025-11-19 12:53:01,344 - INFO - 图片报表已保存到: file\report_20251119.png
2025-11-19 12:53:02,273 - ERROR - 图片发送失败: {'errcode': 40009, 'errmsg': 'invalid image size, hint: [1763527982025432911059925], from ip: 121.31.60.243, more info at https://open.work.weixin.qq.com/devtool/query?e=40009'}
2025-11-19 12:53:02,697 - INFO - 文本报表发送成功
2025-11-19 12:53:02,698 - INFO - 文件 操作日志查询_KF77100064_20251119124722089.zip 处理完成并发送成功
2025-11-19 12:56:26,050 - INFO - 已加载 6 个团队映射
2025-11-19 12:56:26,050 - INFO - 开始检查当天的新文件...
2025-11-19 12:56:26,050 - INFO - 找到 1 个当天的新文件: ['操作日志查询_KF77100064_20251119124722089.zip']
2025-11-19 12:56:26,050 - INFO - 正在处理文件: 操作日志查询_KF77100064_20251119124722089.zip
2025-11-19 12:56:28,269 - INFO - 检测到编码: GB2312
2025-11-19 12:56:28,271 - INFO - 成功使用编码: gbk
2025-11-19 12:56:28,271 - INFO - CSV标题: ['服务名', '帐号', '姓名', '模块', '方法描述', '操作时间', '耗时', '请求url', '状态', '入参']
2025-11-19 12:56:28,277 - INFO - 文本报表已保存到: file\report_20251119.txt
2025-11-19 12:56:28,322 - INFO - 图片报表已保存到: file\report_20251119.png
2025-11-19 12:56:29,186 - ERROR - 图片发送失败: {'errcode': 40009, 'errmsg': 'invalid image size, hint: [1763528189194170014272116], from ip: 121.31.60.243, more info at https://open.work.weixin.qq.com/devtool/query?e=40009'}
2025-11-19 12:56:29,606 - INFO - 文本报表发送成功
2025-11-19 12:56:29,606 - INFO - 文件 操作日志查询_KF77100064_20251119124722089.zip 处理完成并发送成功
2025-11-19 12:57:43,950 - INFO - 已加载 6 个团队映射
2025-11-19 12:57:43,950 - INFO - 开始检查当天的新文件...
2025-11-19 12:57:43,951 - INFO - 找到 1 个当天的新文件: ['操作日志查询_KF77100064_20251119124722089.zip']
2025-11-19 12:57:43,951 - INFO - 正在处理文件: 操作日志查询_KF77100064_20251119124722089.zip
2025-11-19 12:57:46,942 - INFO - 检测到编码: GB2312
2025-11-19 12:57:46,944 - INFO - 成功使用编码: gbk
2025-11-19 12:57:46,944 - INFO - CSV标题: ['服务名', '帐号', '姓名', '模块', '方法描述', '操作时间', '耗时', '请求url', '状态', '入参']
2025-11-19 12:57:46,951 - INFO - 文本报表已保存到: file\report_20251119.txt
2025-11-19 12:57:47,013 - INFO - 图片报表已保存到: file\report_20251119.png
2025-11-19 12:57:47,416 - ERROR - 图片上传失败: {'errcode': 40004, 'errmsg': 'invalid media type, hint: [1763528267501861566676927], from ip: 121.31.60.243, more info at https://open.work.weixin.qq.com/devtool/query?e=40004'}
2025-11-19 12:57:47,827 - INFO - 文本报表发送成功
2025-11-19 12:57:47,827 - INFO - 文件 操作日志查询_KF77100064_20251119124722089.zip 处理完成并发送成功
2025-11-19 12:58:38,605 - INFO - 已加载 6 个团队映射
2025-11-19 12:58:38,605 - INFO - 开始检查当天的新文件...
2025-11-19 12:58:38,605 - INFO - 找到 1 个当天的新文件: ['操作日志查询_KF77100064_20251119124722089.zip']
2025-11-19 12:58:38,606 - INFO - 正在处理文件: 操作日志查询_KF77100064_20251119124722089.zip
2025-11-19 12:58:40,853 - INFO - 检测到编码: GB2312
2025-11-19 12:58:40,854 - INFO - 成功使用编码: gbk
2025-11-19 12:58:40,854 - INFO - CSV标题: ['服务名', '帐号', '姓名', '模块', '方法描述', '操作时间', '耗时', '请求url', '状态', '入参']
2025-11-19 12:58:40,862 - INFO - 文本报表已保存到: file\report_20251119.txt
2025-11-19 12:58:40,908 - INFO - 图片报表已保存到: file\report_20251119.png
2025-11-19 12:58:41,319 - ERROR - 图片上传失败: {'errcode': 40004, 'errmsg': 'invalid media type, hint: [1763528321358771493815512], from ip: 121.31.60.243, more info at https://open.work.weixin.qq.com/devtool/query?e=40004'}
2025-11-19 12:58:41,733 - INFO - 文本报表发送成功
2025-11-19 12:58:41,733 - INFO - 文件 操作日志查询_KF77100064_20251119124722089.zip 处理完成并发送成功
2025-11-19 13:00:25,654 - INFO - 已加载 6 个团队映射
2025-11-19 13:00:25,655 - INFO - 开始检查当天的新文件...
2025-11-19 13:00:25,655 - INFO - 找到 1 个当天的新文件: ['操作日志查询_KF77100064_20251119124722089.zip']
2025-11-19 13:00:25,655 - INFO - 正在处理文件: 操作日志查询_KF77100064_20251119124722089.zip
2025-11-19 13:00:27,868 - INFO - 检测到编码: GB2312
2025-11-19 13:00:27,870 - INFO - 成功使用编码: gbk
2025-11-19 13:00:27,870 - INFO - CSV标题: ['服务名', '帐号', '姓名', '模块', '方法描述', '操作时间', '耗时', '请求url', '状态', '入参']
2025-11-19 13:00:27,877 - INFO - 文本报表已保存到: file\report_20251119.txt
2025-11-19 13:00:27,923 - INFO - 图片报表已保存到: file\report_20251119.png
2025-11-19 13:00:28,326 - ERROR - 图片上传失败: {'errcode': 40004, 'errmsg': 'invalid media type, hint: [1763528428601431819771587], from ip: 121.31.60.243, more info at https://open.work.weixin.qq.com/devtool/query?e=40004'}
2025-11-19 13:00:28,754 - INFO - 文本报表发送成功
2025-11-19 13:00:28,754 - INFO - 文件 操作日志查询_KF77100064_20251119124722089.zip 处理完成并发送成功
2025-11-19 13:01:12,748 - INFO - 已加载 6 个团队映射
2025-11-19 13:01:12,748 - INFO - 开始检查当天的新文件...
2025-11-19 13:01:12,748 - INFO - 找到 1 个当天的新文件: ['操作日志查询_KF77100064_20251119124722089.zip']
2025-11-19 13:01:12,748 - INFO - 正在处理文件: 操作日志查询_KF77100064_20251119124722089.zip
2025-11-19 13:01:15,144 - INFO - 检测到编码: GB2312
2025-11-19 13:01:15,147 - INFO - 成功使用编码: gbk
2025-11-19 13:01:15,148 - INFO - CSV标题: ['服务名', '帐号', '姓名', '模块', '方法描述', '操作时间', '耗时', '请求url', '状态', '入参']
2025-11-19 13:01:15,155 - INFO - 文本报表已保存到: file\report_20251119.txt
2025-11-19 13:01:15,205 - INFO - 图片报表已保存到: file\report_20251119.png
2025-11-19 13:01:15,659 - ERROR - 图片上传失败: {'errcode': 40004, 'errmsg': 'invalid media type, hint: [1763528475560332262561683], from ip: 121.31.60.243, more info at https://open.work.weixin.qq.com/devtool/query?e=40004'}
2025-11-19 13:01:16,051 - INFO - 文本报表发送成功
2025-11-19 13:01:16,052 - INFO - 文件 操作日志查询_KF77100064_20251119124722089.zip 处理完成并发送成功
2025-11-19 14:45:35,850 - INFO - 已加载 6 个团队映射
2025-11-19 14:45:35,850 - INFO - 开始检查当天的新文件...
2025-11-19 14:45:35,850 - INFO - 找到 1 个当天的新文件: ['操作日志查询_KF77100064_20251119124722089.zip']
2025-11-19 14:45:35,850 - INFO - 正在处理文件: 操作日志查询_KF77100064_20251119124722089.zip
2025-11-19 14:45:38,193 - INFO - 检测到编码: GB2312
2025-11-19 14:45:38,194 - INFO - 成功使用编码: gbk
2025-11-19 14:45:38,194 - INFO - CSV标题: ['服务名', '帐号', '姓名', '模块', '方法描述', '操作时间', '耗时', '请求url', '状态', '入参']
2025-11-19 14:45:38,201 - INFO - 文本报表已保存到: file\report_20251119.txt
2025-11-19 14:45:38,245 - INFO - 图片报表已保存到: file\report_20251119.png
2025-11-19 14:45:38,889 - INFO - 图片报表发送成功
2025-11-19 14:45:38,889 - INFO - 文件 操作日志查询_KF77100064_20251119124722089.zip 处理完成并发送成功
2025-11-19 14:57:30,758 - INFO - 已加载 6 个团队映射
2025-11-19 14:57:30,758 - INFO - 开始检查当天的新文件...
2025-11-19 14:57:30,759 - INFO - 找到 1 个当天的新文件: ['操作日志查询_KF77100064_20251119124722089.zip']
2025-11-19 14:57:30,759 - INFO - 正在处理文件: 操作日志查询_KF77100064_20251119124722089.zip
2025-11-19 14:57:32,988 - INFO - 检测到编码: GB2312
2025-11-19 14:57:32,989 - INFO - 成功使用编码: gbk
2025-11-19 14:57:32,990 - INFO - CSV标题: ['服务名', '帐号', '姓名', '模块', '方法描述', '操作时间', '耗时', '请求url', '状态', '入参']
2025-11-19 14:57:32,997 - INFO - 汇总信息已保存到: file\summary_20251119.txt
2025-11-19 14:57:33,051 - INFO - 表格图片已保存到: file\table_20251119.png
2025-11-19 14:57:33,755 - INFO - 图片报表发送成功
2025-11-19 14:57:33,755 - INFO - 文件 操作日志查询_KF77100064_20251119124722089.zip 处理完成并发送成功
2025-11-19 15:06:09,017 - INFO - 已加载 6 个团队映射
2025-11-19 15:06:09,018 - INFO - 开始检查当天的新文件...
2025-11-19 15:06:09,018 - INFO - 找到 1 个当天的新文件: ['操作日志查询_KF77100064_20251119124722089.zip']
2025-11-19 15:06:09,018 - INFO - 正在处理文件: 操作日志查询_KF77100064_20251119124722089.zip
2025-11-19 15:06:11,383 - INFO - 检测到编码: GB2312
2025-11-19 15:06:11,384 - INFO - 成功使用编码: gbk
2025-11-19 15:06:11,385 - INFO - CSV标题: ['服务名', '帐号', '姓名', '模块', '方法描述', '操作时间', '耗时', '请求url', '状态', '入参']
2025-11-19 15:06:11,391 - INFO - 汇总信息已保存到: file\summary_20251119.txt
2025-11-19 15:06:11,442 - INFO - 表格图片已保存到: file\table_20251119.png
2025-11-19 15:06:12,263 - INFO - 图片报表发送成功
2025-11-19 15:06:12,263 - INFO - 文件 操作日志查询_KF77100064_20251119124722089.zip 处理完成并发送成功
2025-11-19 15:20:54,662 - INFO - 已加载 6 个团队映射
2025-11-19 15:20:54,662 - INFO - 开始检查当天的新文件...
2025-11-19 15:20:54,662 - INFO - 找到 1 个当天的新文件: ['操作日志查询_KF77100064_20251119124722089.zip']
2025-11-19 15:20:54,662 - INFO - 正在处理文件: 操作日志查询_KF77100064_20251119124722089.zip
2025-11-19 15:20:57,028 - INFO - 检测到编码: GB2312
2025-11-19 15:20:57,029 - INFO - 成功使用编码: gbk
2025-11-19 15:20:57,029 - INFO - CSV标题: ['服务名', '帐号', '姓名', '模块', '方法描述', '操作时间', '耗时', '请求url', '状态', '入参']
2025-11-19 15:20:57,036 - INFO - 汇总信息已保存到: file\summary_20251119.txt
2025-11-19 15:20:57,088 - INFO - 表格图片已保存到: file\table_20251119.png
2025-11-19 15:20:57,883 - INFO - 图片报表发送成功
2025-11-19 15:20:57,883 - INFO - 文件 操作日志查询_KF77100064_20251119124722089.zip 处理完成并发送成功
2025-11-19 15:36:50,014 - INFO - 已加载 6 个团队映射
2025-11-19 15:36:50,014 - INFO - 开始检查当天的新文件...
2025-11-19 15:36:50,014 - INFO - 找到 1 个当天的新文件: ['操作日志查询_KF77100064_20251119124722089.zip']
2025-11-19 15:36:50,014 - INFO - 正在处理文件: 操作日志查询_KF77100064_20251119124722089.zip
2025-11-19 15:36:52,130 - INFO - 检测到编码: GB2312
2025-11-19 15:36:52,131 - INFO - 成功使用编码: gbk
2025-11-19 15:36:52,131 - INFO - CSV标题: ['服务名', '帐号', '姓名', '模块', '方法描述', '操作时间', '耗时', '请求url', '状态', '入参']
2025-11-19 15:36:52,138 - ERROR - 处理文件 操作日志查询_KF77100064_20251119124722089.zip 时出错: name 'all_lines' is not defined
2025-11-19 15:38:23,717 - INFO - 已加载 6 个团队映射
2025-11-19 15:38:23,717 - INFO - 开始检查当天的新文件...
2025-11-19 15:38:23,717 - INFO - 找到 1 个当天的新文件: ['操作日志查询_KF77100064_20251119124722089.zip']
2025-11-19 15:38:23,717 - INFO - 正在处理文件: 操作日志查询_KF77100064_20251119124722089.zip
2025-11-19 15:38:25,976 - INFO - 检测到编码: GB2312
2025-11-19 15:38:25,978 - INFO - 成功使用编码: gbk
2025-11-19 15:38:25,979 - INFO - CSV标题: ['服务名', '帐号', '姓名', '模块', '方法描述', '操作时间', '耗时', '请求url', '状态', '入参']
2025-11-19 15:38:25,985 - ERROR - 处理文件 操作日志查询_KF77100064_20251119124722089.zip 时出错: name 'all_lines' is not defined
2025-11-19 15:40:15,091 - INFO - 已加载 6 个团队映射
2025-11-19 15:40:15,091 - INFO - 开始检查当天的新文件...
2025-11-19 15:40:15,092 - INFO - 找到 1 个当天的新文件: ['操作日志查询_KF77100064_20251119124722089.zip']
2025-11-19 15:40:15,092 - INFO - 正在处理文件: 操作日志查询_KF77100064_20251119124722089.zip
2025-11-19 15:40:17,205 - INFO - 检测到编码: GB2312
2025-11-19 15:40:17,206 - INFO - 成功使用编码: gbk
2025-11-19 15:40:17,207 - INFO - CSV标题: ['服务名', '帐号', '姓名', '模块', '方法描述', '操作时间', '耗时', '请求url', '状态', '入参']
2025-11-19 15:40:17,213 - ERROR - 处理文件 操作日志查询_KF77100064_20251119124722089.zip 时出错: name 'all_lines' is not defined
2025-11-19 15:54:32,934 - INFO - 已加载 6 个团队映射
2025-11-19 15:54:32,934 - INFO - 开始检查当天的新文件...
2025-11-19 15:54:32,935 - INFO - 找到 1 个当天的新文件: ['操作日志查询_KF77100064_20251119124722089.zip']
2025-11-19 15:54:32,935 - INFO - 正在处理文件: 操作日志查询_KF77100064_20251119124722089.zip
2025-11-19 15:54:35,164 - INFO - 检测到编码: GB2312
2025-11-19 15:54:35,165 - INFO - 成功使用编码: gbk
2025-11-19 15:54:35,165 - INFO - CSV标题: ['服务名', '帐号', '姓名', '模块', '方法描述', '操作时间', '耗时', '请求url', '状态', '入参']
2025-11-19 15:54:35,171 - ERROR - 处理文件 操作日志查询_KF77100064_20251119124722089.zip 时出错: name 'all_lines' is not defined
2025-11-19 15:57:18,133 - INFO - 已加载 6 个团队映射
2025-11-19 15:57:18,133 - INFO - 开始检查当天的新文件...
2025-11-19 15:57:18,134 - INFO - 找到 1 个当天的新文件: ['操作日志查询_KF77100064_20251119124722089.zip']
2025-11-19 15:57:18,134 - INFO - 正在处理文件: 操作日志查询_KF77100064_20251119124722089.zip
2025-11-19 15:57:20,407 - INFO - 检测到编码: GB2312
2025-11-19 15:57:20,408 - INFO - 成功使用编码: gbk
2025-11-19 15:57:20,408 - INFO - CSV标题: ['服务名', '帐号', '姓名', '模块', '方法描述', '操作时间', '耗时', '请求url', '状态', '入参']
2025-11-19 15:57:20,418 - INFO - 汇总信息已保存到: file\summary_20251119.txt
2025-11-19 15:57:20,473 - INFO - 表格图片已保存到: file\table_20251119.png
2025-11-19 15:57:21,268 - INFO - 图片报表发送成功
2025-11-19 15:57:21,268 - INFO - 文件 操作日志查询_KF77100064_20251119124722089.zip 处理完成并发送成功
2025-11-19 16:02:57,148 - INFO - 已加载 6 个团队映射
2025-11-19 16:02:57,148 - INFO - === 测试1: 纯文本消息（带emoji）===
2025-11-19 16:02:57,577 - INFO - 纯文本消息响应: 200, {'errcode': 0, 'errmsg': 'ok'}
2025-11-19 16:02:57,577 - INFO - === 测试2: 纯文本消息（不带markdown格式）===
2025-11-19 16:02:58,007 - INFO - 纯文本消息（无markdown）响应: 200, {'errcode': 0, 'errmsg': 'ok'}
2025-11-19 16:02:58,007 - INFO - === 测试3: 先发送图片，再发送文本 ===
2025-11-19 16:02:58,007 - WARNING - 测试图片不存在，跳过图片发送测试
2025-11-19 16:02:58,007 - INFO - === 测试4: 使用markdown格式 ===
2025-11-19 16:02:58,382 - INFO - markdown消息响应: 200, {'errcode': 0, 'errmsg': 'ok'}
2025-11-19 16:03:06,142 - INFO - 已加载 6 个团队映射
2025-11-19 16:03:06,143 - INFO - === 测试1: 纯文本消息（带emoji）===
2025-11-19 16:03:06,556 - INFO - 纯文本消息响应: 200, {'errcode': 0, 'errmsg': 'ok'}
2025-11-19 16:03:06,556 - INFO - === 测试2: 纯文本消息（不带markdown格式）===
2025-11-19 16:03:06,926 - INFO - 纯文本消息（无markdown）响应: 200, {'errcode': 0, 'errmsg': 'ok'}
2025-11-19 16:03:06,926 - INFO - === 测试3: 先发送图片，再发送文本 ===
2025-11-19 16:03:06,926 - WARNING - 测试图片不存在，跳过图片发送测试
2025-11-19 16:03:06,927 - INFO - === 测试4: 使用markdown格式 ===
2025-11-19 16:03:07,346 - INFO - markdown消息响应: 200, {'errcode': 0, 'errmsg': 'ok'}
2025-11-19 16:03:31,680 - INFO - 已加载 6 个团队映射
2025-11-19 16:03:31,680 - INFO - === 测试1: 纯文本消息（带emoji）===
2025-11-19 16:03:32,118 - INFO - 纯文本消息响应: 200, {'errcode': 0, 'errmsg': 'ok'}
2025-11-19 16:03:32,118 - INFO - === 测试2: 纯文本消息（不带markdown格式）===
2025-11-19 16:03:32,499 - INFO - 纯文本消息（无markdown）响应: 200, {'errcode': 0, 'errmsg': 'ok'}
2025-11-19 16:03:32,499 - INFO - === 测试3: 先发送图片，再发送文本 ===
2025-11-19 16:03:32,499 - WARNING - 测试图片不存在，跳过图片发送测试
2025-11-19 16:03:32,499 - INFO - === 测试4: 使用markdown格式 ===
2025-11-19 16:03:32,884 - INFO - markdown消息响应: 200, {'errcode': 0, 'errmsg': 'ok'}
2025-11-19 16:03:36,764 - INFO - 已加载 6 个团队映射
2025-11-19 16:03:36,765 - INFO - 开始检查当天的新文件...
2025-11-19 16:03:36,765 - INFO - 找到 1 个当天的新文件: ['操作日志查询_KF77100064_20251119124722089.zip']
2025-11-19 16:03:36,765 - INFO - 正在处理文件: 操作日志查询_KF77100064_20251119124722089.zip
2025-11-19 16:03:39,053 - INFO - 检测到编码: GB2312
2025-11-19 16:03:39,055 - INFO - 成功使用编码: gbk
2025-11-19 16:03:39,055 - INFO - CSV标题: ['服务名', '帐号', '姓名', '模块', '方法描述', '操作时间', '耗时', '请求url', '状态', '入参']
2025-11-19 16:03:39,064 - INFO - 生成的汇总信息文本: ['📊 听录音统计报表', '📅 日期: 2025-11-19', '', '## 📈 汇总信息', '- **总操作次数**: 169', '- **参与人数**: 6', '- **平均每人操作次数**: 28.2', '']
2025-11-19 16:03:39,064 - INFO - 汇总信息已保存到: file\summary_20251119.txt
2025-11-19 16:03:39,115 - INFO - 表格图片已保存到: file\table_20251119.png
2025-11-19 16:03:39,115 - INFO - 准备发送报表数据: dict_keys(['text', 'date', 'total_operations', 'teams', 'people', 'filename', 'image_filename'])
2025-11-19 16:03:39,116 - INFO - 文本内容预览: 📊 听录音统计报表
📅 日期: 2025-11-19

## 📈 汇总信息
- **总操作次数**: 169
- **参与人数**: 6
- **平均每人操作次数**: 28.2
...
2025-11-19 16:03:39,116 - INFO - 检测到图片报表，准备发送图片
2025-11-19 16:03:39,116 - INFO - 使用JPEG格式图片: file\table_20251119.jpg
2025-11-19 16:03:39,116 - INFO - 发送图片消息...
2025-11-19 16:03:39,904 - INFO - 图片报表发送成功
2025-11-19 16:03:39,904 - INFO - 发送文本消息...
2025-11-19 16:03:39,904 - INFO - 文本消息内容: 📊 听录音统计报表
📅 日期: 2025-11-19

## 📈 汇总信息
- **总操作次数**: 169
- **参与人数**: 6
- **平均每人操作次数**: 28.2

2025-11-19 16:03:40,298 - INFO - 文本报表发送成功
2025-11-19 16:03:40,298 - INFO - 文件 操作日志查询_KF77100064_20251119124722089.zip 处理完成并发送成功
